Content-Type: multipart/alternative;
 boundary="===============6591309351679560819=="
MIME-Version: 1.0
Subject: Profile activation
From: test@example.com
To: admin123@admin.com
Date: Mon, 10 May 2021 05:51:38 -0000
Message-ID: <162062589835.3632.13896122144857746836@DESKTOP-DGDI0FM>

--===============6591309351679560819==
Content-Type: text/plain; charset="utf-8"
MIME-Version: 1.0
Content-Transfer-Encoding: 7bit



To activate your profile, please follow this link:

http://localhost:8000/accounts/activate/xt00yxkAsPcNXeSJRiE9/

--===============6591309351679560819==
Content-Type: text/html; charset="utf-8"
MIME-Version: 1.0
Content-Transfer-Encoding: 7bit



<!DOCTYPE html PUBLIC "-//W3C//DTD XHTML 1.0 Transitional//EN"
        "http://www.w3.org/TR/xhtml1/DTD/xhtml1-transitional.dtd">
<html xmlns="http://www.w3.org/1999/xhtml">
<head>
    <meta http-equiv="Content-Type" content="text/html; charset=UTF-8"/>
    <title>Profile activation</title>
    <meta name="viewport" content="width=device-width, initial-scale=1.0"/>
</head>

<body>

<p>
    To activate your profile, please follow this link:
</p>

<p>
    <a href="http://localhost:8000/accounts/activate/xt00yxkAsPcNXeSJRiE9/">http://localhost:8000/accounts/activate/xt00yxkAsPcNXeSJRiE9/</a>
</p>

</body>

</html>

--===============6591309351679560819==--

-------------------------------------------------------------------------------
